<?xml version="1.0" encoding="UTF-8"?>
<!-- Generated by org.testng.reporters.JUnitXMLReporter -->
<testsuite hostname="DESKTOP-QONEH43" ignored="1" name="Default test" tests="1" failures="0" timestamp="09 Jun 2019 17:32:00 GMT" time="9.921" errors="0">
  <testcase name="doLogin" time="3.587" classname="com.syntax.testcases.LoginPageTest"/>
  <testcase name="loginToORangeHRM" time="0.0" classname="com.syntax.testcases.LoginPageTest">
    <ignored/>
  </testcase> <!-- loginToORangeHRM -->
</testsuite> <!-- Default test -->
